CRITICAL - 2026-05-14 01:35:48 --> ErrorException: Undefined variable $datos
[Method: GET, Route: listar]
in APPPATH\Views\libros\listar.php on line 1.
 1 APPPATH\Views\libros\listar.php(1): CodeIgniter\Debug\Exceptions->errorHandler(2, 'Undefined variable $datos', 'C:\\xampp\\htdocs\\biblioteca\\app\\Views\\libros\\listar.php', 1)
 2 SYSTEMPATH\View\View.php(240): include('C:\\xampp\\htdocs\\biblioteca\\app\\Views\\libros\\listar.php')
 3 SYSTEMPATH\View\View.php(243): CodeIgniter\View\View->CodeIgniter\View\{closure}()
 4 SYSTEMPATH\Common.php(1250): CodeIgniter\View\View->render('libros/listar', [], true)
 5 APPPATH\Controllers\Libros.php(13): view('libros/listar', [...])
 6 SYSTEMPATH\CodeIgniter.php(951): App\Controllers\Libros->index()
 7 SYSTEMPATH\CodeIgniter.php(497): CodeIgniter\CodeIgniter->runController(Object(App\Controllers\Libros))
 8 SYSTEMPATH\CodeIgniter.php(340): CodeIgniter\CodeIgniter->handleRequest(null, Object(Config\Cache), false)
 9 SYSTEMPATH\Boot.php(417): CodeIgniter\CodeIgniter->run()
10 SYSTEMPATH\Boot.php(68): CodeIgniter\Boot::runCodeIgniter(Object(CodeIgniter\CodeIgniter))
11 FCPATH\index.php(59): CodeIgniter\Boot::bootWeb(Object(Config\Paths))
CRITICAL - 2026-05-14 01:37:24 --> ErrorException: Undefined variable $piepagina
[Method: GET, Route: listar]
in APPPATH\Views\libros\listar.php on line 22.
 1 APPPATH\Views\libros\listar.php(22): CodeIgniter\Debug\Exceptions->errorHandler(2, 'Undefined variable $piepagina', 'C:\\xampp\\htdocs\\biblioteca\\app\\Views\\libros\\listar.php', 22)
 2 SYSTEMPATH\View\View.php(240): include('C:\\xampp\\htdocs\\biblioteca\\app\\Views\\libros\\listar.php')
 3 SYSTEMPATH\View\View.php(243): CodeIgniter\View\View->CodeIgniter\View\{closure}()
 4 SYSTEMPATH\Common.php(1250): CodeIgniter\View\View->render('libros/listar', [], true)
 5 APPPATH\Controllers\Libros.php(13): view('libros/listar', [...])
 6 SYSTEMPATH\CodeIgniter.php(951): App\Controllers\Libros->index()
 7 SYSTEMPATH\CodeIgniter.php(497): CodeIgniter\CodeIgniter->runController(Object(App\Controllers\Libros))
 8 SYSTEMPATH\CodeIgniter.php(340): CodeIgniter\CodeIgniter->handleRequest(null, Object(Config\Cache), false)
 9 SYSTEMPATH\Boot.php(417): CodeIgniter\CodeIgniter->run()
10 SYSTEMPATH\Boot.php(68): CodeIgniter\Boot::runCodeIgniter(Object(CodeIgniter\CodeIgniter))
11 FCPATH\index.php(59): CodeIgniter\Boot::bootWeb(Object(Config\Paths))
CRITICAL - 2026-05-14 03:09:08 --> ParseError: syntax error, unexpected token "}"
[Method: POST, Route: guardar]
in APPPATH\Controllers\Libros.php on line 38.
 1 SYSTEMPATH\Autoloader\Autoloader.php(295): CodeIgniter\Autoloader\Autoloader->includeFile('C:\\xampp\\htdocs\\biblioteca\\app\\Controllers\\Libros.php')
 2 SYSTEMPATH\Autoloader\Autoloader.php(271): CodeIgniter\Autoloader\Autoloader->loadInNamespace('App\\Controllers\\Libros')
 3 [internal function]: CodeIgniter\Autoloader\Autoloader->loadClass('App\\Controllers\\Libros')
 4 SYSTEMPATH\Router\Router.php(792): class_exists('\\App\\Controllers\\Libros')
 5 SYSTEMPATH\Router\Router.php(230): CodeIgniter\Router\Router->processRouteAttributes()
 6 SYSTEMPATH\CodeIgniter.php(829): CodeIgniter\Router\Router->handle('guardar')
 7 SYSTEMPATH\CodeIgniter.php(441): CodeIgniter\CodeIgniter->tryToRouteIt(Object(CodeIgniter\Router\RouteCollection))
 8 SYSTEMPATH\CodeIgniter.php(340): CodeIgniter\CodeIgniter->handleRequest(null, Object(Config\Cache), false)
 9 SYSTEMPATH\Boot.php(417): CodeIgniter\CodeIgniter->run()
10 SYSTEMPATH\Boot.php(68): CodeIgniter\Boot::runCodeIgniter(Object(CodeIgniter\CodeIgniter))
11 FCPATH\index.php(59): CodeIgniter\Boot::bootWeb(Object(Config\Paths))
CRITICAL - 2026-05-14 03:09:21 --> ParseError: Unclosed '{' on line 7
[Method: POST, Route: guardar]
in APPPATH\Controllers\Libros.php on line 39.
 1 SYSTEMPATH\Autoloader\Autoloader.php(295): CodeIgniter\Autoloader\Autoloader->includeFile('C:\\xampp\\htdocs\\biblioteca\\app\\Controllers\\Libros.php')
 2 SYSTEMPATH\Autoloader\Autoloader.php(271): CodeIgniter\Autoloader\Autoloader->loadInNamespace('App\\Controllers\\Libros')
 3 [internal function]: CodeIgniter\Autoloader\Autoloader->loadClass('App\\Controllers\\Libros')
 4 SYSTEMPATH\Router\Router.php(792): class_exists('\\App\\Controllers\\Libros')
 5 SYSTEMPATH\Router\Router.php(230): CodeIgniter\Router\Router->processRouteAttributes()
 6 SYSTEMPATH\CodeIgniter.php(829): CodeIgniter\Router\Router->handle('guardar')
 7 SYSTEMPATH\CodeIgniter.php(441): CodeIgniter\CodeIgniter->tryToRouteIt(Object(CodeIgniter\Router\RouteCollection))
 8 SYSTEMPATH\CodeIgniter.php(340): CodeIgniter\CodeIgniter->handleRequest(null, Object(Config\Cache), false)
 9 SYSTEMPATH\Boot.php(417): CodeIgniter\CodeIgniter->run()
10 SYSTEMPATH\Boot.php(68): CodeIgniter\Boot::runCodeIgniter(Object(CodeIgniter\CodeIgniter))
11 FCPATH\index.php(59): CodeIgniter\Boot::bootWeb(Object(Config\Paths))
CRITICAL - 2026-05-14 03:10:27 --> ParseError: Unclosed '{' on line 7
[Method: POST, Route: guardar]
in APPPATH\Controllers\Libros.php on line 40.
 1 SYSTEMPATH\Autoloader\Autoloader.php(295): CodeIgniter\Autoloader\Autoloader->includeFile('C:\\xampp\\htdocs\\biblioteca\\app\\Controllers\\Libros.php')
 2 SYSTEMPATH\Autoloader\Autoloader.php(271): CodeIgniter\Autoloader\Autoloader->loadInNamespace('App\\Controllers\\Libros')
 3 [internal function]: CodeIgniter\Autoloader\Autoloader->loadClass('App\\Controllers\\Libros')
 4 SYSTEMPATH\Router\Router.php(792): class_exists('\\App\\Controllers\\Libros')
 5 SYSTEMPATH\Router\Router.php(230): CodeIgniter\Router\Router->processRouteAttributes()
 6 SYSTEMPATH\CodeIgniter.php(829): CodeIgniter\Router\Router->handle('guardar')
 7 SYSTEMPATH\CodeIgniter.php(441): CodeIgniter\CodeIgniter->tryToRouteIt(Object(CodeIgniter\Router\RouteCollection))
 8 SYSTEMPATH\CodeIgniter.php(340): CodeIgniter\CodeIgniter->handleRequest(null, Object(Config\Cache), false)
 9 SYSTEMPATH\Boot.php(417): CodeIgniter\CodeIgniter->run()
10 SYSTEMPATH\Boot.php(68): CodeIgniter\Boot::runCodeIgniter(Object(CodeIgniter\CodeIgniter))
11 FCPATH\index.php(59): CodeIgniter\Boot::bootWeb(Object(Config\Paths))
CRITICAL - 2026-05-14 03:37:41 --> ParseError: Unterminated comment starting line 44
[Method: GET, Route: listar]
in APPPATH\Controllers\Libros.php on line 44.
 1 SYSTEMPATH\Autoloader\Autoloader.php(295): CodeIgniter\Autoloader\Autoloader->includeFile('C:\\xampp\\htdocs\\biblioteca\\app\\Controllers\\Libros.php')
 2 SYSTEMPATH\Autoloader\Autoloader.php(271): CodeIgniter\Autoloader\Autoloader->loadInNamespace('App\\Controllers\\Libros')
 3 [internal function]: CodeIgniter\Autoloader\Autoloader->loadClass('App\\Controllers\\Libros')
 4 SYSTEMPATH\Router\Router.php(792): class_exists('\\App\\Controllers\\Libros')
 5 SYSTEMPATH\Router\Router.php(230): CodeIgniter\Router\Router->processRouteAttributes()
 6 SYSTEMPATH\CodeIgniter.php(829): CodeIgniter\Router\Router->handle('listar')
 7 SYSTEMPATH\CodeIgniter.php(441): CodeIgniter\CodeIgniter->tryToRouteIt(Object(CodeIgniter\Router\RouteCollection))
 8 SYSTEMPATH\CodeIgniter.php(340): CodeIgniter\CodeIgniter->handleRequest(null, Object(Config\Cache), false)
 9 SYSTEMPATH\Boot.php(417): CodeIgniter\CodeIgniter->run()
10 SYSTEMPATH\Boot.php(68): CodeIgniter\Boot::runCodeIgniter(Object(CodeIgniter\CodeIgniter))
11 FCPATH\index.php(59): CodeIgniter\Boot::bootWeb(Object(Config\Paths))
CRITICAL - 2026-05-14 12:00:57 --> ErrorException: Undefined variable $imagen
[Method: POST, Route: actualizar]
in APPPATH\Controllers\Libros.php on line 80.
 1 APPPATH\Controllers\Libros.php(80): CodeIgniter\Debug\Exceptions->errorHandler(2, 'Undefined variable $imagen', 'C:\\xampp\\htdocs\\biblioteca\\app\\Controllers\\Libros.php', 80)
 2 SYSTEMPATH\CodeIgniter.php(951): App\Controllers\Libros->actualizar()
 3 SYSTEMPATH\CodeIgniter.php(497): CodeIgniter\CodeIgniter->runController(Object(App\Controllers\Libros))
 4 SYSTEMPATH\CodeIgniter.php(340): CodeIgniter\CodeIgniter->handleRequest(null, Object(Config\Cache), false)
 5 SYSTEMPATH\Boot.php(417): CodeIgniter\CodeIgniter->run()
 6 SYSTEMPATH\Boot.php(68): CodeIgniter\Boot::runCodeIgniter(Object(CodeIgniter\CodeIgniter))
 7 FCPATH\index.php(59): CodeIgniter\Boot::bootWeb(Object(Config\Paths))
CRITICAL - 2026-05-14 12:03:35 --> ErrorException: unlink(../public/uploads/1778728368_a4715d23eb1e1782f6fc.webp): No such file or directory
[Method: POST, Route: actualizar]
in APPPATH\Controllers\Libros.php on line 79.
 1 [internal function]: CodeIgniter\Debug\Exceptions->errorHandler(2, 'unlink(../public/uploads/1778728368_a4715d23eb1e1782f6fc.webp): No such file or directory', 'C:\\xampp\\htdocs\\biblioteca\\app\\Controllers\\Libros.php', 79)
 2 APPPATH\Controllers\Libros.php(79): unlink('../public/uploads/1778728368_a4715d23eb1e1782f6fc.webp')
 3 SYSTEMPATH\CodeIgniter.php(951): App\Controllers\Libros->actualizar()
 4 SYSTEMPATH\CodeIgniter.php(497): CodeIgniter\CodeIgniter->runController(Object(App\Controllers\Libros))
 5 SYSTEMPATH\CodeIgniter.php(340): CodeIgniter\CodeIgniter->handleRequest(null, Object(Config\Cache), false)
 6 SYSTEMPATH\Boot.php(417): CodeIgniter\CodeIgniter->run()
 7 SYSTEMPATH\Boot.php(68): CodeIgniter\Boot::runCodeIgniter(Object(CodeIgniter\CodeIgniter))
 8 FCPATH\index.php(59): CodeIgniter\Boot::bootWeb(Object(Config\Paths))
CRITICAL - 2026-05-14 12:05:12 --> ErrorException: unlink(../public/uploads/1778728368_a4715d23eb1e1782f6fc.webp): No such file or directory
[Method: POST, Route: actualizar]
in APPPATH\Controllers\Libros.php on line 79.
 1 [internal function]: CodeIgniter\Debug\Exceptions->errorHandler(2, 'unlink(../public/uploads/1778728368_a4715d23eb1e1782f6fc.webp): No such file or directory', 'C:\\xampp\\htdocs\\biblioteca\\app\\Controllers\\Libros.php', 79)
 2 APPPATH\Controllers\Libros.php(79): unlink('../public/uploads/1778728368_a4715d23eb1e1782f6fc.webp')
 3 SYSTEMPATH\CodeIgniter.php(951): App\Controllers\Libros->actualizar()
 4 SYSTEMPATH\CodeIgniter.php(497): CodeIgniter\CodeIgniter->runController(Object(App\Controllers\Libros))
 5 SYSTEMPATH\CodeIgniter.php(340): CodeIgniter\CodeIgniter->handleRequest(null, Object(Config\Cache), false)
 6 SYSTEMPATH\Boot.php(417): CodeIgniter\CodeIgniter->run()
 7 SYSTEMPATH\Boot.php(68): CodeIgniter\Boot::runCodeIgniter(Object(CodeIgniter\CodeIgniter))
 8 FCPATH\index.php(59): CodeIgniter\Boot::bootWeb(Object(Config\Paths))
CRITICAL - 2026-05-14 12:06:18 --> ErrorException: unlink(../public/uploads/1778728368_a4715d23eb1e1782f6fc.webp): No such file or directory
[Method: POST, Route: actualizar]
in APPPATH\Controllers\Libros.php on line 80.
 1 [internal function]: CodeIgniter\Debug\Exceptions->errorHandler(2, 'unlink(../public/uploads/1778728368_a4715d23eb1e1782f6fc.webp): No such file or directory', 'C:\\xampp\\htdocs\\biblioteca\\app\\Controllers\\Libros.php', 80)
 2 APPPATH\Controllers\Libros.php(80): unlink('../public/uploads/1778728368_a4715d23eb1e1782f6fc.webp')
 3 SYSTEMPATH\CodeIgniter.php(951): App\Controllers\Libros->actualizar()
 4 SYSTEMPATH\CodeIgniter.php(497): CodeIgniter\CodeIgniter->runController(Object(App\Controllers\Libros))
 5 SYSTEMPATH\CodeIgniter.php(340): CodeIgniter\CodeIgniter->handleRequest(null, Object(Config\Cache), false)
 6 SYSTEMPATH\Boot.php(417): CodeIgniter\CodeIgniter->run()
 7 SYSTEMPATH\Boot.php(68): CodeIgniter\Boot::runCodeIgniter(Object(CodeIgniter\CodeIgniter))
 8 FCPATH\index.php(59): CodeIgniter\Boot::bootWeb(Object(Config\Paths))
CRITICAL - 2026-05-14 12:10:29 --> ErrorException: unlink(../public/uploads/1778728368_a4715d23eb1e1782f6fc.webp): No such file or directory
[Method: POST, Route: actualizar]
in APPPATH\Controllers\Libros.php on line 80.
 1 [internal function]: CodeIgniter\Debug\Exceptions->errorHandler(2, 'unlink(../public/uploads/1778728368_a4715d23eb1e1782f6fc.webp): No such file or directory', 'C:\\xampp\\htdocs\\biblioteca\\app\\Controllers\\Libros.php', 80)
 2 APPPATH\Controllers\Libros.php(80): unlink('../public/uploads/1778728368_a4715d23eb1e1782f6fc.webp')
 3 SYSTEMPATH\CodeIgniter.php(951): App\Controllers\Libros->actualizar()
 4 SYSTEMPATH\CodeIgniter.php(497): CodeIgniter\CodeIgniter->runController(Object(App\Controllers\Libros))
 5 SYSTEMPATH\CodeIgniter.php(340): CodeIgniter\CodeIgniter->handleRequest(null, Object(Config\Cache), false)
 6 SYSTEMPATH\Boot.php(417): CodeIgniter\CodeIgniter->run()
 7 SYSTEMPATH\Boot.php(68): CodeIgniter\Boot::runCodeIgniter(Object(CodeIgniter\CodeIgniter))
 8 FCPATH\index.php(59): CodeIgniter\Boot::bootWeb(Object(Config\Paths))
CRITICAL - 2026-05-14 12:13:48 --> ErrorException: unlink(../public/uploads/1778728368_a4715d23eb1e1782f6fc.webp): No such file or directory
[Method: POST, Route: actualizar]
in APPPATH\Controllers\Libros.php on line 80.
 1 [internal function]: CodeIgniter\Debug\Exceptions->errorHandler(2, 'unlink(../public/uploads/1778728368_a4715d23eb1e1782f6fc.webp): No such file or directory', 'C:\\xampp\\htdocs\\biblioteca\\app\\Controllers\\Libros.php', 80)
 2 APPPATH\Controllers\Libros.php(80): unlink('../public/uploads/1778728368_a4715d23eb1e1782f6fc.webp')
 3 SYSTEMPATH\CodeIgniter.php(951): App\Controllers\Libros->actualizar()
 4 SYSTEMPATH\CodeIgniter.php(497): CodeIgniter\CodeIgniter->runController(Object(App\Controllers\Libros))
 5 SYSTEMPATH\CodeIgniter.php(340): CodeIgniter\CodeIgniter->handleRequest(null, Object(Config\Cache), false)
 6 SYSTEMPATH\Boot.php(417): CodeIgniter\CodeIgniter->run()
 7 SYSTEMPATH\Boot.php(68): CodeIgniter\Boot::runCodeIgniter(Object(CodeIgniter\CodeIgniter))
 8 FCPATH\index.php(59): CodeIgniter\Boot::bootWeb(Object(Config\Paths))
CRITICAL - 2026-05-14 12:14:39 --> ErrorException: unlink(../public/uploads/1778728368_a4715d23eb1e1782f6fc.webp): No such file or directory
[Method: POST, Route: actualizar]
in APPPATH\Controllers\Libros.php on line 80.
 1 [internal function]: CodeIgniter\Debug\Exceptions->errorHandler(2, 'unlink(../public/uploads/1778728368_a4715d23eb1e1782f6fc.webp): No such file or directory', 'C:\\xampp\\htdocs\\biblioteca\\app\\Controllers\\Libros.php', 80)
 2 APPPATH\Controllers\Libros.php(80): unlink('../public/uploads/1778728368_a4715d23eb1e1782f6fc.webp')
 3 SYSTEMPATH\CodeIgniter.php(951): App\Controllers\Libros->actualizar()
 4 SYSTEMPATH\CodeIgniter.php(497): CodeIgniter\CodeIgniter->runController(Object(App\Controllers\Libros))
 5 SYSTEMPATH\CodeIgniter.php(340): CodeIgniter\CodeIgniter->handleRequest(null, Object(Config\Cache), false)
 6 SYSTEMPATH\Boot.php(417): CodeIgniter\CodeIgniter->run()
 7 SYSTEMPATH\Boot.php(68): CodeIgniter\Boot::runCodeIgniter(Object(CodeIgniter\CodeIgniter))
 8 FCPATH\index.php(59): CodeIgniter\Boot::bootWeb(Object(Config\Paths))
CRITICAL - 2026-05-14 12:16:43 --> ErrorException: unlink(../public/uploads/1778728368_a4715d23eb1e1782f6fc.webp): No such file or directory
[Method: GET, Route: borrar/3]
in APPPATH\Controllers\Libros.php on line 44.
 1 [internal function]: CodeIgniter\Debug\Exceptions->errorHandler(2, 'unlink(../public/uploads/1778728368_a4715d23eb1e1782f6fc.webp): No such file or directory', 'C:\\xampp\\htdocs\\biblioteca\\app\\Controllers\\Libros.php', 44)
 2 APPPATH\Controllers\Libros.php(44): unlink('../public/uploads/1778728368_a4715d23eb1e1782f6fc.webp')
 3 SYSTEMPATH\CodeIgniter.php(951): App\Controllers\Libros->borrar('3')
 4 SYSTEMPATH\CodeIgniter.php(497): CodeIgniter\CodeIgniter->runController(Object(App\Controllers\Libros))
 5 SYSTEMPATH\CodeIgniter.php(340): CodeIgniter\CodeIgniter->handleRequest(null, Object(Config\Cache), false)
 6 SYSTEMPATH\Boot.php(417): CodeIgniter\CodeIgniter->run()
 7 SYSTEMPATH\Boot.php(68): CodeIgniter\Boot::runCodeIgniter(Object(CodeIgniter\CodeIgniter))
 8 FCPATH\index.php(59): CodeIgniter\Boot::bootWeb(Object(Config\Paths))
CRITICAL - 2026-05-14 12:16:52 --> ErrorException: unlink(../public/uploads/1778728368_a4715d23eb1e1782f6fc.webp): No such file or directory
[Method: GET, Route: borrar/3]
in APPPATH\Controllers\Libros.php on line 44.
 1 [internal function]: CodeIgniter\Debug\Exceptions->errorHandler(2, 'unlink(../public/uploads/1778728368_a4715d23eb1e1782f6fc.webp): No such file or directory', 'C:\\xampp\\htdocs\\biblioteca\\app\\Controllers\\Libros.php', 44)
 2 APPPATH\Controllers\Libros.php(44): unlink('../public/uploads/1778728368_a4715d23eb1e1782f6fc.webp')
 3 SYSTEMPATH\CodeIgniter.php(951): App\Controllers\Libros->borrar('3')
 4 SYSTEMPATH\CodeIgniter.php(497): CodeIgniter\CodeIgniter->runController(Object(App\Controllers\Libros))
 5 SYSTEMPATH\CodeIgniter.php(340): CodeIgniter\CodeIgniter->handleRequest(null, Object(Config\Cache), false)
 6 SYSTEMPATH\Boot.php(417): CodeIgniter\CodeIgniter->run()
 7 SYSTEMPATH\Boot.php(68): CodeIgniter\Boot::runCodeIgniter(Object(CodeIgniter\CodeIgniter))
 8 FCPATH\index.php(59): CodeIgniter\Boot::bootWeb(Object(Config\Paths))
CRITICAL - 2026-05-14 12:17:17 --> ErrorException: unlink(../public/uploads/1778728368_a4715d23eb1e1782f6fc.webp): No such file or directory
[Method: GET, Route: borrar/3]
in APPPATH\Controllers\Libros.php on line 44.
 1 [internal function]: CodeIgniter\Debug\Exceptions->errorHandler(2, 'unlink(../public/uploads/1778728368_a4715d23eb1e1782f6fc.webp): No such file or directory', 'C:\\xampp\\htdocs\\biblioteca\\app\\Controllers\\Libros.php', 44)
 2 APPPATH\Controllers\Libros.php(44): unlink('../public/uploads/1778728368_a4715d23eb1e1782f6fc.webp')
 3 SYSTEMPATH\CodeIgniter.php(951): App\Controllers\Libros->borrar('3')
 4 SYSTEMPATH\CodeIgniter.php(497): CodeIgniter\CodeIgniter->runController(Object(App\Controllers\Libros))
 5 SYSTEMPATH\CodeIgniter.php(340): CodeIgniter\CodeIgniter->handleRequest(null, Object(Config\Cache), false)
 6 SYSTEMPATH\Boot.php(417): CodeIgniter\CodeIgniter->run()
 7 SYSTEMPATH\Boot.php(68): CodeIgniter\Boot::runCodeIgniter(Object(CodeIgniter\CodeIgniter))
 8 FCPATH\index.php(59): CodeIgniter\Boot::bootWeb(Object(Config\Paths))
CRITICAL - 2026-05-14 12:29:12 --> ErrorException: Undefined variable $datos
[Method: POST, Route: actualizar]
in APPPATH\Controllers\Libros.php on line 102.
 1 APPPATH\Controllers\Libros.php(102): CodeIgniter\Debug\Exceptions->errorHandler(2, 'Undefined variable $datos', 'C:\\xampp\\htdocs\\biblioteca\\app\\Controllers\\Libros.php', 102)
 2 SYSTEMPATH\CodeIgniter.php(951): App\Controllers\Libros->actualizar()
 3 SYSTEMPATH\CodeIgniter.php(497): CodeIgniter\CodeIgniter->runController(Object(App\Controllers\Libros))
 4 SYSTEMPATH\CodeIgniter.php(340): CodeIgniter\CodeIgniter->handleRequest(null, Object(Config\Cache), false)
 5 SYSTEMPATH\Boot.php(417): CodeIgniter\CodeIgniter->run()
 6 SYSTEMPATH\Boot.php(68): CodeIgniter\Boot::runCodeIgniter(Object(CodeIgniter\CodeIgniter))
 7 FCPATH\index.php(59): CodeIgniter\Boot::bootWeb(Object(Config\Paths))
CRITICAL - 2026-05-14 12:49:41 --> ParseError: syntax error, unexpected token "}", expecting ";"
[Method: GET, Route: crear]
in APPPATH\Controllers\Libros.php on line 35.
 1 SYSTEMPATH\Autoloader\Autoloader.php(295): CodeIgniter\Autoloader\Autoloader->includeFile('C:\\xampp\\htdocs\\biblioteca\\app\\Controllers\\Libros.php')
 2 SYSTEMPATH\Autoloader\Autoloader.php(271): CodeIgniter\Autoloader\Autoloader->loadInNamespace('App\\Controllers\\Libros')
 3 [internal function]: CodeIgniter\Autoloader\Autoloader->loadClass('App\\Controllers\\Libros')
 4 SYSTEMPATH\Router\Router.php(792): class_exists('\\App\\Controllers\\Libros')
 5 SYSTEMPATH\Router\Router.php(230): CodeIgniter\Router\Router->processRouteAttributes()
 6 SYSTEMPATH\CodeIgniter.php(829): CodeIgniter\Router\Router->handle('crear')
 7 SYSTEMPATH\CodeIgniter.php(441): CodeIgniter\CodeIgniter->tryToRouteIt(Object(CodeIgniter\Router\RouteCollection))
 8 SYSTEMPATH\CodeIgniter.php(340): CodeIgniter\CodeIgniter->handleRequest(null, Object(Config\Cache), false)
 9 SYSTEMPATH\Boot.php(417): CodeIgniter\CodeIgniter->run()
10 SYSTEMPATH\Boot.php(68): CodeIgniter\Boot::runCodeIgniter(Object(CodeIgniter\CodeIgniter))
11 FCPATH\index.php(59): CodeIgniter\Boot::bootWeb(Object(Config\Paths))
CRITICAL - 2026-05-14 13:17:12 --> ErrorException: Undefined variable $validacion
[Method: POST, Route: actualizar]
in APPPATH\Controllers\Libros.php on line 99.
 1 APPPATH\Controllers\Libros.php(99): CodeIgniter\Debug\Exceptions->errorHandler(2, 'Undefined variable $validacion', 'C:\\xampp\\htdocs\\biblioteca\\app\\Controllers\\Libros.php', 99)
 2 SYSTEMPATH\CodeIgniter.php(951): App\Controllers\Libros->actualizar()
 3 SYSTEMPATH\CodeIgniter.php(497): CodeIgniter\CodeIgniter->runController(Object(App\Controllers\Libros))
 4 SYSTEMPATH\CodeIgniter.php(340): CodeIgniter\CodeIgniter->handleRequest(null, Object(Config\Cache), false)
 5 SYSTEMPATH\Boot.php(417): CodeIgniter\CodeIgniter->run()
 6 SYSTEMPATH\Boot.php(68): CodeIgniter\Boot::runCodeIgniter(Object(CodeIgniter\CodeIgniter))
 7 FCPATH\index.php(59): CodeIgniter\Boot::bootWeb(Object(Config\Paths))
CRITICAL - 2026-05-14 13:27:01 --> CodeIgniter\HTTP\Exceptions\BadRequestException: The URI you submitted has disallowed characters: "<base_url('"
[Method: GET, Route: %3Cbase_url%28%27/listar%27%29]
in SYSTEMPATH\Router\Router.php on line 768.
 1 SYSTEMPATH\Router\Router.php(219): CodeIgniter\Router\Router->checkDisallowedChars('<base_url(\'/listar\')')
 2 SYSTEMPATH\CodeIgniter.php(829): CodeIgniter\Router\Router->handle('<base_url(\'/listar\')')
 3 SYSTEMPATH\CodeIgniter.php(441): CodeIgniter\CodeIgniter->tryToRouteIt(Object(CodeIgniter\Router\RouteCollection))
 4 SYSTEMPATH\CodeIgniter.php(340): CodeIgniter\CodeIgniter->handleRequest(null, Object(Config\Cache), false)
 5 SYSTEMPATH\Boot.php(417): CodeIgniter\CodeIgniter->run()
 6 SYSTEMPATH\Boot.php(68): CodeIgniter\Boot::runCodeIgniter(Object(CodeIgniter\CodeIgniter))
 7 FCPATH\index.php(59): CodeIgniter\Boot::bootWeb(Object(Config\Paths))
CRITICAL - 2026-05-14 13:27:34 --> CodeIgniter\HTTP\Exceptions\BadRequestException: The URI you submitted has disallowed characters: "<base_url('"
[Method: GET, Route: editar/%3Cbase_url%28%27/listar%27%29]
in SYSTEMPATH\Router\Router.php on line 768.
 1 SYSTEMPATH\Router\Router.php(219): CodeIgniter\Router\Router->checkDisallowedChars('editar/<base_url(\'/listar\')')
 2 SYSTEMPATH\CodeIgniter.php(829): CodeIgniter\Router\Router->handle('editar/<base_url(\'/listar\')')
 3 SYSTEMPATH\CodeIgniter.php(441): CodeIgniter\CodeIgniter->tryToRouteIt(Object(CodeIgniter\Router\RouteCollection))
 4 SYSTEMPATH\CodeIgniter.php(340): CodeIgniter\CodeIgniter->handleRequest(null, Object(Config\Cache), false)
 5 SYSTEMPATH\Boot.php(417): CodeIgniter\CodeIgniter->run()
 6 SYSTEMPATH\Boot.php(68): CodeIgniter\Boot::runCodeIgniter(Object(CodeIgniter\CodeIgniter))
 7 FCPATH\index.php(59): CodeIgniter\Boot::bootWeb(Object(Config\Paths))
